0 info it worked if it ends with ok
1 verbose cli [ '/Users/datyayu/.nvm/versions/node/v5.9.1/bin/node',
1 verbose cli   '/Users/datyayu/.nvm/versions/node/v5.9.1/bin/npm',
1 verbose cli   'view' ]
2 info using npm@3.7.3
3 info using node@v5.9.1
4 silly mapToRegistry name ongaku
5 silly mapToRegistry using default registry
6 silly mapToRegistry registry http://registry.npmjs.org/
7 silly mapToRegistry uri http://registry.npmjs.org/ongaku
8 verbose request uri http://registry.npmjs.org/ongaku
9 verbose request no auth needed
10 info attempt registry request try #1 at 6:42:42 PM
11 verbose request using bearer token for auth
12 verbose request id 962a1a2dab1bda9d
13 http request GET http://registry.npmjs.org/ongaku
14 http 404 http://registry.npmjs.org/ongaku
15 verbose headers { 'content-type': 'application/json',
15 verbose headers   'cache-control': 'max-age=0',
15 verbose headers   'content-length': '2',
15 verbose headers   'accept-ranges': 'bytes',
15 verbose headers   date: 'Sat, 09 Apr 2016 01:42:44 GMT',
15 verbose headers   via: '1.1 varnish',
15 verbose headers   connection: 'keep-alive',
15 verbose headers   'x-served-by': 'cache-dfw1842-DFW',
15 verbose headers   'x-cache': 'MISS',
15 verbose headers   'x-cache-hits': '0',
15 verbose headers   'x-timer': 'S1460166163.916890,VS0,VE276',
15 verbose headers   vary: 'Accept-Encoding' }
16 silly get cb [ 404,
16 silly get   { 'content-type': 'application/json',
16 silly get     'cache-control': 'max-age=0',
16 silly get     'content-length': '2',
16 silly get     'accept-ranges': 'bytes',
16 silly get     date: 'Sat, 09 Apr 2016 01:42:44 GMT',
16 silly get     via: '1.1 varnish',
16 silly get     connection: 'keep-alive',
16 silly get     'x-served-by': 'cache-dfw1842-DFW',
16 silly get     'x-cache': 'MISS',
16 silly get     'x-cache-hits': '0',
16 silly get     'x-timer': 'S1460166163.916890,VS0,VE276',
16 silly get     vary: 'Accept-Encoding' } ]
17 verbose stack Error: Registry returned 404 for GET on http://registry.npmjs.org/ongaku
17 verbose stack     at makeError (/Users/datyayu/.nvm/versions/node/v5.9.1/lib/node_modules/npm/node_modules/npm-registry-client/lib/request.js:264:12)
17 verbose stack     at CachingRegistryClient.<anonymous> (/Users/datyayu/.nvm/versions/node/v5.9.1/lib/node_modules/npm/node_modules/npm-registry-client/lib/request.js:242:14)
17 verbose stack     at Request._callback (/Users/datyayu/.nvm/versions/node/v5.9.1/lib/node_modules/npm/node_modules/npm-registry-client/lib/request.js:172:14)
17 verbose stack     at Request.self.callback (/Users/datyayu/.nvm/versions/node/v5.9.1/lib/node_modules/npm/node_modules/request/request.js:199:22)
17 verbose stack     at emitTwo (events.js:100:13)
17 verbose stack     at Request.emit (events.js:185:7)
17 verbose stack     at Request.<anonymous> (/Users/datyayu/.nvm/versions/node/v5.9.1/lib/node_modules/npm/node_modules/request/request.js:1036:10)
17 verbose stack     at emitOne (events.js:95:20)
17 verbose stack     at Request.emit (events.js:182:7)
17 verbose stack     at IncomingMessage.<anonymous> (/Users/datyayu/.nvm/versions/node/v5.9.1/lib/node_modules/npm/node_modules/request/request.js:963:12)
18 verbose statusCode 404
19 verbose pkgid ongaku
20 verbose cwd /Users/datyayu/Documents/Repositories/ongaku
21 error Darwin 15.4.0
22 error argv "/Users/datyayu/.nvm/versions/node/v5.9.1/bin/node" "/Users/datyayu/.nvm/versions/node/v5.9.1/bin/npm" "view"
23 error node v5.9.1
24 error npm  v3.7.3
25 error code E404
26 error 404 Registry returned 404 for GET on http://registry.npmjs.org/ongaku
27 error 404
28 error 404 'ongaku' is not in the npm registry.
29 error 404 You should bug the author to publish it (or use the name yourself!)
30 error 404 Note that you can also install from a
31 error 404 tarball, folder, http url, or git url.
32 verbose exit [ 1, true ]
